The system is: Linux - 4.15.0-197-generic - x86_64
Compiling the C compiler identification source file "CMakeCCompilerId.c" succeeded.
Compiler: /usr/bin/cc 
Build flags: ;-O0
Id flags:  

The output was:
0


Compilation of the C compiler identification source "CMakeCCompilerId.c" produced "a.out"

The C compiler identification is GNU, found in "/home/wzw/00-Ascend/project/template/build/intermediates/soc/CMakeFiles/3.10.2/CompilerIdC/a.out"

Compiling the CXX compiler identification source file "CMakeCXXCompilerId.cpp" succeeded.
Compiler: /opt/linux/x86-arm/aarch64-v01c01-linux-gnu-gcc/bin/aarch64-v01c01-linux-gnu-gcc 
Build flags: ;-O0
Id flags:  

The output was:
0


Compilation of the CXX compiler identification source "CMakeCXXCompilerId.cpp" produced "a.out"

The CXX compiler identification is GNU, found in "/home/wzw/00-Ascend/project/template/build/intermediates/soc/CMakeFiles/3.10.2/CompilerIdCXX/a.out"

Determining if the C compiler works passed with the following output:
Change Dir: /home/wzw/00-Ascend/project/template/build/intermediates/soc/CMakeFiles/CMakeTmp

Run Build Command:"/usr/bin/make" "cmTC_adf47/fast"
/usr/bin/make -f CMakeFiles/cmTC_adf47.dir/build.make CMakeFiles/cmTC_adf47.dir/build
make[1]: Entering directory '/home/wzw/00-Ascend/project/template/build/intermediates/soc/CMakeFiles/CMakeTmp'
Building C object CMakeFiles/cmTC_adf47.dir/testCCompiler.c.o
/usr/bin/cc    -o CMakeFiles/cmTC_adf47.dir/testCCompiler.c.o   -c /home/wzw/00-Ascend/project/template/build/intermediates/soc/CMakeFiles/CMakeTmp/testCCompiler.c
Linking C executable cmTC_adf47
/usr/bin/cmake -E cmake_link_script CMakeFiles/cmTC_adf47.dir/link.txt --verbose=1
/usr/bin/cc      CMakeFiles/cmTC_adf47.dir/testCCompiler.c.o  -o cmTC_adf47 
make[1]: Leaving directory '/home/wzw/00-Ascend/project/template/build/intermediates/soc/CMakeFiles/CMakeTmp'


Detecting C compiler ABI info compiled with the following output:
Change Dir: /home/wzw/00-Ascend/project/template/build/intermediates/soc/CMakeFiles/CMakeTmp

Run Build Command:"/usr/bin/make" "cmTC_3f0e0/fast"
/usr/bin/make -f CMakeFiles/cmTC_3f0e0.dir/build.make CMakeFiles/cmTC_3f0e0.dir/build
make[1]: Entering directory '/home/wzw/00-Ascend/project/template/build/intermediates/soc/CMakeFiles/CMakeTmp'
Building C object CMakeFiles/cmTC_3f0e0.dir/CMakeCCompilerABI.c.o
/usr/bin/cc    -o CMakeFiles/cmTC_3f0e0.dir/CMakeCCompilerABI.c.o   -c /usr/share/cmake-3.10/Modules/CMakeCCompilerABI.c
Linking C executable cmTC_3f0e0
/usr/bin/cmake -E cmake_link_script CMakeFiles/cmTC_3f0e0.dir/link.txt --verbose=1
/usr/bin/cc     -v CMakeFiles/cmTC_3f0e0.dir/CMakeCCompilerABI.c.o  -o cmTC_3f0e0 
Using built-in specs.
COLLECT_GCC=/usr/bin/cc
COLLECT_LTO_WRAPPER=/usr/lib/gcc/x86_64-linux-gnu/7/lto-wrapper
OFFLOAD_TARGET_NAMES=nvptx-none
OFFLOAD_TARGET_DEFAULT=1
Target: x86_64-linux-gnu
Configured with: ../src/configure -v --with-pkgversion='Ubuntu 7.5.0-3ubuntu1~18.04' --with-bugurl=file:///usr/share/doc/gcc-7/README.Bugs --enable-languages=c,ada,c++,go,brig,d,fortran,objc,obj-c++ --prefix=/usr --with-gcc-major-version-only --program-suffix=-7 --program-prefix=x86_64-linux-gnu- --enable-shared --enable-linker-build-id --libexecdir=/usr/lib --without-included-gettext --enable-threads=posix --libdir=/usr/lib --enable-nls --enable-bootstrap --enable-clocale=gnu --enable-libstdcxx-debug --enable-libstdcxx-time=yes --with-default-libstdcxx-abi=new --enable-gnu-unique-object --disable-vtable-verify --enable-libmpx --enable-plugin --enable-default-pie --with-system-zlib --with-target-system-zlib --enable-objc-gc=auto --enable-multiarch --disable-werror --with-arch-32=i686 --with-abi=m64 --with-multilib-list=m32,m64,mx32 --enable-multilib --with-tune=generic --enable-offload-targets=nvptx-none --without-cuda-driver --enable-checking=release --build=x86_64-linux-gnu --host=x86_64-linux-gnu --target=x86_64-linux-gnu
Thread model: posix
gcc version 7.5.0 (Ubuntu 7.5.0-3ubuntu1~18.04) 
COMPILER_PATH=/usr/lib/gcc/x86_64-linux-gnu/7/:/usr/lib/gcc/x86_64-linux-gnu/7/:/usr/lib/gcc/x86_64-linux-gnu/:/usr/lib/gcc/x86_64-linux-gnu/7/:/usr/lib/gcc/x86_64-linux-gnu/
LIBRARY_PATH=/usr/lib/gcc/x86_64-linux-gnu/7/:/usr/lib/gcc/x86_64-linux-gnu/7/../../../x86_64-linux-gnu/:/usr/lib/gcc/x86_64-linux-gnu/7/../../../../lib/:/lib/x86_64-linux-gnu/:/lib/../lib/:/usr/lib/x86_64-linux-gnu/:/usr/lib/../lib/:/usr/lib/gcc/x86_64-linux-gnu/7/../../../:/lib/:/usr/lib/
COLLECT_GCC_OPTIONS='-v' '-o' 'cmTC_3f0e0' '-mtune=generic' '-march=x86-64'
 /usr/lib/gcc/x86_64-linux-gnu/7/collect2 -plugin /usr/lib/gcc/x86_64-linux-gnu/7/liblto_plugin.so -plugin-opt=/usr/lib/gcc/x86_64-linux-gnu/7/lto-wrapper -plugin-opt=-fresolution=/tmp/ccYHhjIB.res -plugin-opt=-pass-through=-lgcc -plugin-opt=-pass-through=-lgcc_s -plugin-opt=-pass-through=-lc -plugin-opt=-pass-through=-lgcc -plugin-opt=-pass-through=-lgcc_s --build-id --eh-frame-hdr -m elf_x86_64 --hash-style=gnu --as-needed -dynamic-linker /lib64/ld-linux-x86-64.so.2 -pie -z now -z relro -o cmTC_3f0e0 /usr/lib/gcc/x86_64-linux-gnu/7/../../../x86_64-linux-gnu/Scrt1.o /usr/lib/gcc/x86_64-linux-gnu/7/../../../x86_64-linux-gnu/crti.o /usr/lib/gcc/x86_64-linux-gnu/7/crtbeginS.o -L/usr/lib/gcc/x86_64-linux-gnu/7 -L/usr/lib/gcc/x86_64-linux-gnu/7/../../../x86_64-linux-gnu -L/usr/lib/gcc/x86_64-linux-gnu/7/../../../../lib -L/lib/x86_64-linux-gnu -L/lib/../lib -L/usr/lib/x86_64-linux-gnu -L/usr/lib/../lib -L/usr/lib/gcc/x86_64-linux-gnu/7/../../.. CMakeFiles/cmTC_3f0e0.dir/CMakeCCompilerABI.c.o -lgcc --push-state --as-needed -lgcc_s --pop-state -lc -lgcc --push-state --as-needed -lgcc_s --pop-state /usr/lib/gcc/x86_64-linux-gnu/7/crtendS.o /usr/lib/gcc/x86_64-linux-gnu/7/../../../x86_64-linux-gnu/crtn.o
COLLECT_GCC_OPTIONS='-v' '-o' 'cmTC_3f0e0' '-mtune=generic' '-march=x86-64'
make[1]: Leaving directory '/home/wzw/00-Ascend/project/template/build/intermediates/soc/CMakeFiles/CMakeTmp'


Parsed C implicit link information from above output:
  link line regex: [^( *|.*[/\])(ld|CMAKE_LINK_STARTFILE-NOTFOUND|([^/\]+-)?ld|collect2)[^/\]*( |$)]
  ignore line: [Change Dir: /home/wzw/00-Ascend/project/template/build/intermediates/soc/CMakeFiles/CMakeTmp]
  ignore line: []
  ignore line: [Run Build Command:"/usr/bin/make" "cmTC_3f0e0/fast"]
  ignore line: [/usr/bin/make -f CMakeFiles/cmTC_3f0e0.dir/build.make CMakeFiles/cmTC_3f0e0.dir/build]
  ignore line: [make[1]: Entering directory '/home/wzw/00-Ascend/project/template/build/intermediates/soc/CMakeFiles/CMakeTmp']
  ignore line: [Building C object CMakeFiles/cmTC_3f0e0.dir/CMakeCCompilerABI.c.o]
  ignore line: [/usr/bin/cc    -o CMakeFiles/cmTC_3f0e0.dir/CMakeCCompilerABI.c.o   -c /usr/share/cmake-3.10/Modules/CMakeCCompilerABI.c]
  ignore line: [Linking C executable cmTC_3f0e0]
  ignore line: [/usr/bin/cmake -E cmake_link_script CMakeFiles/cmTC_3f0e0.dir/link.txt --verbose=1]
  ignore line: [/usr/bin/cc     -v CMakeFiles/cmTC_3f0e0.dir/CMakeCCompilerABI.c.o  -o cmTC_3f0e0 ]
  ignore line: [Using built-in specs.]
  ignore line: [COLLECT_GCC=/usr/bin/cc]
  ignore line: [COLLECT_LTO_WRAPPER=/usr/lib/gcc/x86_64-linux-gnu/7/lto-wrapper]
  ignore line: [OFFLOAD_TARGET_NAMES=nvptx-none]
  ignore line: [OFFLOAD_TARGET_DEFAULT=1]
  ignore line: [Target: x86_64-linux-gnu]
  ignore line: [Configured with: ../src/configure -v --with-pkgversion='Ubuntu 7.5.0-3ubuntu1~18.04' --with-bugurl=file:///usr/share/doc/gcc-7/README.Bugs --enable-languages=c,ada,c++,go,brig,d,fortran,objc,obj-c++ --prefix=/usr --with-gcc-major-version-only --program-suffix=-7 --program-prefix=x86_64-linux-gnu- --enable-shared --enable-linker-build-id --libexecdir=/usr/lib --without-included-gettext --enable-threads=posix --libdir=/usr/lib --enable-nls --enable-bootstrap --enable-clocale=gnu --enable-libstdcxx-debug --enable-libstdcxx-time=yes --with-default-libstdcxx-abi=new --enable-gnu-unique-object --disable-vtable-verify --enable-libmpx --enable-plugin --enable-default-pie --with-system-zlib --with-target-system-zlib --enable-objc-gc=auto --enable-multiarch --disable-werror --with-arch-32=i686 --with-abi=m64 --with-multilib-list=m32,m64,mx32 --enable-multilib --with-tune=generic --enable-offload-targets=nvptx-none --without-cuda-driver --enable-checking=release --build=x86_64-linux-gnu --host=x86_64-linux-gnu --target=x86_64-linux-gnu]
  ignore line: [Thread model: posix]
  ignore line: [gcc version 7.5.0 (Ubuntu 7.5.0-3ubuntu1~18.04) ]
  ignore line: [COMPILER_PATH=/usr/lib/gcc/x86_64-linux-gnu/7/:/usr/lib/gcc/x86_64-linux-gnu/7/:/usr/lib/gcc/x86_64-linux-gnu/:/usr/lib/gcc/x86_64-linux-gnu/7/:/usr/lib/gcc/x86_64-linux-gnu/]
  ignore line: [LIBRARY_PATH=/usr/lib/gcc/x86_64-linux-gnu/7/:/usr/lib/gcc/x86_64-linux-gnu/7/../../../x86_64-linux-gnu/:/usr/lib/gcc/x86_64-linux-gnu/7/../../../../lib/:/lib/x86_64-linux-gnu/:/lib/../lib/:/usr/lib/x86_64-linux-gnu/:/usr/lib/../lib/:/usr/lib/gcc/x86_64-linux-gnu/7/../../../:/lib/:/usr/lib/]
  ignore line: [COLLECT_GCC_OPTIONS='-v' '-o' 'cmTC_3f0e0' '-mtune=generic' '-march=x86-64']
  link line: [ /usr/lib/gcc/x86_64-linux-gnu/7/collect2 -plugin /usr/lib/gcc/x86_64-linux-gnu/7/liblto_plugin.so -plugin-opt=/usr/lib/gcc/x86_64-linux-gnu/7/lto-wrapper -plugin-opt=-fresolution=/tmp/ccYHhjIB.res -plugin-opt=-pass-through=-lgcc -plugin-opt=-pass-through=-lgcc_s -plugin-opt=-pass-through=-lc -plugin-opt=-pass-through=-lgcc -plugin-opt=-pass-through=-lgcc_s --build-id --eh-frame-hdr -m elf_x86_64 --hash-style=gnu --as-needed -dynamic-linker /lib64/ld-linux-x86-64.so.2 -pie -z now -z relro -o cmTC_3f0e0 /usr/lib/gcc/x86_64-linux-gnu/7/../../../x86_64-linux-gnu/Scrt1.o /usr/lib/gcc/x86_64-linux-gnu/7/../../../x86_64-linux-gnu/crti.o /usr/lib/gcc/x86_64-linux-gnu/7/crtbeginS.o -L/usr/lib/gcc/x86_64-linux-gnu/7 -L/usr/lib/gcc/x86_64-linux-gnu/7/../../../x86_64-linux-gnu -L/usr/lib/gcc/x86_64-linux-gnu/7/../../../../lib -L/lib/x86_64-linux-gnu -L/lib/../lib -L/usr/lib/x86_64-linux-gnu -L/usr/lib/../lib -L/usr/lib/gcc/x86_64-linux-gnu/7/../../.. CMakeFiles/cmTC_3f0e0.dir/CMakeCCompilerABI.c.o -lgcc --push-state --as-needed -lgcc_s --pop-state -lc -lgcc --push-state --as-needed -lgcc_s --pop-state /usr/lib/gcc/x86_64-linux-gnu/7/crtendS.o /usr/lib/gcc/x86_64-linux-gnu/7/../../../x86_64-linux-gnu/crtn.o]
    arg [/usr/lib/gcc/x86_64-linux-gnu/7/collect2] ==> ignore
    arg [-plugin] ==> ignore
    arg [/usr/lib/gcc/x86_64-linux-gnu/7/liblto_plugin.so] ==> ignore
    arg [-plugin-opt=/usr/lib/gcc/x86_64-linux-gnu/7/lto-wrapper] ==> ignore
    arg [-plugin-opt=-fresolution=/tmp/ccYHhjIB.res] ==> ignore
    arg [-plugin-opt=-pass-through=-lgcc] ==> ignore
    arg [-plugin-opt=-pass-through=-lgcc_s] ==> ignore
    arg [-plugin-opt=-pass-through=-lc] ==> ignore
    arg [-plugin-opt=-pass-through=-lgcc] ==> ignore
    arg [-plugin-opt=-pass-through=-lgcc_s] ==> ignore
    arg [--build-id] ==> ignore
    arg [--eh-frame-hdr] ==> ignore
    arg [-m] ==> ignore
    arg [elf_x86_64] ==> ignore
    arg [--hash-style=gnu] ==> ignore
    arg [--as-needed] ==> ignore
    arg [-dynamic-linker] ==> ignore
    arg [/lib64/ld-linux-x86-64.so.2] ==> ignore
    arg [-pie] ==> ignore
    arg [-znow] ==> ignore
    arg [-zrelro] ==> ignore
    arg [-o] ==> ignore
    arg [cmTC_3f0e0] ==> ignore
    arg [/usr/lib/gcc/x86_64-linux-gnu/7/../../../x86_64-linux-gnu/Scrt1.o] ==> ignore
    arg [/usr/lib/gcc/x86_64-linux-gnu/7/../../../x86_64-linux-gnu/crti.o] ==> ignore
    arg [/usr/lib/gcc/x86_64-linux-gnu/7/crtbeginS.o] ==> ignore
    arg [-L/usr/lib/gcc/x86_64-linux-gnu/7] ==> dir [/usr/lib/gcc/x86_64-linux-gnu/7]
    arg [-L/usr/lib/gcc/x86_64-linux-gnu/7/../../../x86_64-linux-gnu] ==> dir [/usr/lib/gcc/x86_64-linux-gnu/7/../../../x86_64-linux-gnu]
    arg [-L/usr/lib/gcc/x86_64-linux-gnu/7/../../../../lib] ==> dir [/usr/lib/gcc/x86_64-linux-gnu/7/../../../../lib]
    arg [-L/lib/x86_64-linux-gnu] ==> dir [/lib/x86_64-linux-gnu]
    arg [-L/lib/../lib] ==> dir [/lib/../lib]
    arg [-L/usr/lib/x86_64-linux-gnu] ==> dir [/usr/lib/x86_64-linux-gnu]
    arg [-L/usr/lib/../lib] ==> dir [/usr/lib/../lib]
    arg [-L/usr/lib/gcc/x86_64-linux-gnu/7/../../..] ==> dir [/usr/lib/gcc/x86_64-linux-gnu/7/../../..]
    arg [CMakeFiles/cmTC_3f0e0.dir/CMakeCCompilerABI.c.o] ==> ignore
    arg [-lgcc] ==> lib [gcc]
    arg [--push-state] ==> ignore
    arg [--as-needed] ==> ignore
    arg [-lgcc_s] ==> lib [gcc_s]
    arg [--pop-state] ==> ignore
    arg [-lc] ==> lib [c]
    arg [-lgcc] ==> lib [gcc]
    arg [--push-state] ==> ignore
    arg [--as-needed] ==> ignore
    arg [-lgcc_s] ==> lib [gcc_s]
    arg [--pop-state] ==> ignore
    arg [/usr/lib/gcc/x86_64-linux-gnu/7/crtendS.o] ==> ignore
    arg [/usr/lib/gcc/x86_64-linux-gnu/7/../../../x86_64-linux-gnu/crtn.o] ==> ignore
  collapse library dir [/usr/lib/gcc/x86_64-linux-gnu/7] ==> [/usr/lib/gcc/x86_64-linux-gnu/7]
  collapse library dir [/usr/lib/gcc/x86_64-linux-gnu/7/../../../x86_64-linux-gnu] ==> [/usr/lib/x86_64-linux-gnu]
  collapse library dir [/usr/lib/gcc/x86_64-linux-gnu/7/../../../../lib] ==> [/usr/lib]
  collapse library dir [/lib/x86_64-linux-gnu] ==> [/lib/x86_64-linux-gnu]
  collapse library dir [/lib/../lib] ==> [/lib]
  collapse library dir [/usr/lib/x86_64-linux-gnu] ==> [/usr/lib/x86_64-linux-gnu]
  collapse library dir [/usr/lib/../lib] ==> [/usr/lib]
  collapse library dir [/usr/lib/gcc/x86_64-linux-gnu/7/../../..] ==> [/usr/lib]
  implicit libs: [gcc;gcc_s;c;gcc;gcc_s]
  implicit dirs: [/usr/lib/gcc/x86_64-linux-gnu/7;/usr/lib/x86_64-linux-gnu;/usr/lib;/lib/x86_64-linux-gnu;/lib]
  implicit fwks: []




Detecting C [-std=c11] compiler features compiled with the following output:
Change Dir: /home/wzw/00-Ascend/project/template/build/intermediates/soc/CMakeFiles/CMakeTmp

Run Build Command:"/usr/bin/make" "cmTC_87c6e/fast"
/usr/bin/make -f CMakeFiles/cmTC_87c6e.dir/build.make CMakeFiles/cmTC_87c6e.dir/build
make[1]: Entering directory '/home/wzw/00-Ascend/project/template/build/intermediates/soc/CMakeFiles/CMakeTmp'
Building C object CMakeFiles/cmTC_87c6e.dir/feature_tests.c.o
/usr/bin/cc   -std=c11 -o CMakeFiles/cmTC_87c6e.dir/feature_tests.c.o   -c /home/wzw/00-Ascend/project/template/build/intermediates/soc/CMakeFiles/feature_tests.c
Linking C executable cmTC_87c6e
/usr/bin/cmake -E cmake_link_script CMakeFiles/cmTC_87c6e.dir/link.txt --verbose=1
/usr/bin/cc      CMakeFiles/cmTC_87c6e.dir/feature_tests.c.o  -o cmTC_87c6e 
make[1]: Leaving directory '/home/wzw/00-Ascend/project/template/build/intermediates/soc/CMakeFiles/CMakeTmp'


    Feature record: C_FEATURE:1c_function_prototypes
    Feature record: C_FEATURE:1c_restrict
    Feature record: C_FEATURE:1c_static_assert
    Feature record: C_FEATURE:1c_variadic_macros


Detecting C [-std=c99] compiler features compiled with the following output:
Change Dir: /home/wzw/00-Ascend/project/template/build/intermediates/soc/CMakeFiles/CMakeTmp

Run Build Command:"/usr/bin/make" "cmTC_25586/fast"
/usr/bin/make -f CMakeFiles/cmTC_25586.dir/build.make CMakeFiles/cmTC_25586.dir/build
make[1]: Entering directory '/home/wzw/00-Ascend/project/template/build/intermediates/soc/CMakeFiles/CMakeTmp'
Building C object CMakeFiles/cmTC_25586.dir/feature_tests.c.o
/usr/bin/cc   -std=c99 -o CMakeFiles/cmTC_25586.dir/feature_tests.c.o   -c /home/wzw/00-Ascend/project/template/build/intermediates/soc/CMakeFiles/feature_tests.c
Linking C executable cmTC_25586
/usr/bin/cmake -E cmake_link_script CMakeFiles/cmTC_25586.dir/link.txt --verbose=1
/usr/bin/cc      CMakeFiles/cmTC_25586.dir/feature_tests.c.o  -o cmTC_25586 
make[1]: Leaving directory '/home/wzw/00-Ascend/project/template/build/intermediates/soc/CMakeFiles/CMakeTmp'


    Feature record: C_FEATURE:1c_function_prototypes
    Feature record: C_FEATURE:1c_restrict
    Feature record: C_FEATURE:0c_static_assert
    Feature record: C_FEATURE:1c_variadic_macros


Detecting C [-std=c90] compiler features compiled with the following output:
Change Dir: /home/wzw/00-Ascend/project/template/build/intermediates/soc/CMakeFiles/CMakeTmp

Run Build Command:"/usr/bin/make" "cmTC_0c474/fast"
/usr/bin/make -f CMakeFiles/cmTC_0c474.dir/build.make CMakeFiles/cmTC_0c474.dir/build
make[1]: Entering directory '/home/wzw/00-Ascend/project/template/build/intermediates/soc/CMakeFiles/CMakeTmp'
Building C object CMakeFiles/cmTC_0c474.dir/feature_tests.c.o
/usr/bin/cc   -std=c90 -o CMakeFiles/cmTC_0c474.dir/feature_tests.c.o   -c /home/wzw/00-Ascend/project/template/build/intermediates/soc/CMakeFiles/feature_tests.c
Linking C executable cmTC_0c474
/usr/bin/cmake -E cmake_link_script CMakeFiles/cmTC_0c474.dir/link.txt --verbose=1
/usr/bin/cc      CMakeFiles/cmTC_0c474.dir/feature_tests.c.o  -o cmTC_0c474 
make[1]: Leaving directory '/home/wzw/00-Ascend/project/template/build/intermediates/soc/CMakeFiles/CMakeTmp'


    Feature record: C_FEATURE:1c_function_prototypes
    Feature record: C_FEATURE:0c_restrict
    Feature record: C_FEATURE:0c_static_assert
    Feature record: C_FEATURE:0c_variadic_macros
Determining if the CXX compiler works passed with the following output:
Change Dir: /home/wzw/00-Ascend/project/template/build/intermediates/soc/CMakeFiles/CMakeTmp

Run Build Command:"/usr/bin/make" "cmTC_049da/fast"
/usr/bin/make -f CMakeFiles/cmTC_049da.dir/build.make CMakeFiles/cmTC_049da.dir/build
make[1]: Entering directory '/home/wzw/00-Ascend/project/template/build/intermediates/soc/CMakeFiles/CMakeTmp'
Building CXX object CMakeFiles/cmTC_049da.dir/testCXXCompiler.cxx.o
/opt/linux/x86-arm/aarch64-v01c01-linux-gnu-gcc/bin/aarch64-v01c01-linux-gnu-gcc     -o CMakeFiles/cmTC_049da.dir/testCXXCompiler.cxx.o -c /home/wzw/00-Ascend/project/template/build/intermediates/soc/CMakeFiles/CMakeTmp/testCXXCompiler.cxx
Linking CXX executable cmTC_049da
/usr/bin/cmake -E cmake_link_script CMakeFiles/cmTC_049da.dir/link.txt --verbose=1
/opt/linux/x86-arm/aarch64-v01c01-linux-gnu-gcc/bin/aarch64-v01c01-linux-gnu-gcc       CMakeFiles/cmTC_049da.dir/testCXXCompiler.cxx.o  -o cmTC_049da 
make[1]: Leaving directory '/home/wzw/00-Ascend/project/template/build/intermediates/soc/CMakeFiles/CMakeTmp'


Detecting CXX compiler ABI info compiled with the following output:
Change Dir: /home/wzw/00-Ascend/project/template/build/intermediates/soc/CMakeFiles/CMakeTmp

Run Build Command:"/usr/bin/make" "cmTC_55dbd/fast"
/usr/bin/make -f CMakeFiles/cmTC_55dbd.dir/build.make CMakeFiles/cmTC_55dbd.dir/build
make[1]: Entering directory '/home/wzw/00-Ascend/project/template/build/intermediates/soc/CMakeFiles/CMakeTmp'
Building CXX object CMakeFiles/cmTC_55dbd.dir/CMakeCXXCompilerABI.cpp.o
/opt/linux/x86-arm/aarch64-v01c01-linux-gnu-gcc/bin/aarch64-v01c01-linux-gnu-gcc     -o CMakeFiles/cmTC_55dbd.dir/CMakeCXXCompilerABI.cpp.o -c /usr/share/cmake-3.10/Modules/CMakeCXXCompilerABI.cpp
Linking CXX executable cmTC_55dbd
/usr/bin/cmake -E cmake_link_script CMakeFiles/cmTC_55dbd.dir/link.txt --verbose=1
/opt/linux/x86-arm/aarch64-v01c01-linux-gnu-gcc/bin/aarch64-v01c01-linux-gnu-gcc      -v CMakeFiles/cmTC_55dbd.dir/CMakeCXXCompilerABI.cpp.o  -o cmTC_55dbd 
Using built-in specs.
COLLECT_GCC=/opt/linux/x86-arm/aarch64-v01c01-linux-gnu-gcc/bin/aarch64-v01c01-linux-gnu-gcc
COLLECT_LTO_WRAPPER=/opt/linux/x86-arm/aarch64-v01c01-linux-gnu-gcc/bin/../libexec/gcc/aarch64-linux-gnu/10.3.0/lto-wrapper
Target: aarch64-linux-gnu
Configured with: /devcloud/workspace/gcc_source/build/aarch64-linux-glibc/../../open_source/aarch64-linux-glibc_src/gcc-10.3.0/configure --build=x86_64-pc-linux-gnu --host=x86_64-pc-linux-gnu --target=aarch64-linux-gnu --with-arch=armv8-a --prefix=/devcloud/workspace/gcc_source/build/aarch64-linux-glibc/aarch64_linux_glibc_build_dir/aarch64-linux-glibc --enable-symvers=gnu --enable-threads --disable-libmudflap --enable-__cxa_atexit --disable-libssp --enable-gold=yes --disable-libstdcxx-pch --disable-multilib --enable-multiarch --with-gnu-as --with-gnu-ld --enable-libgomp --enable-libatomic --enable-gnu-indirect-function --enable-checking=yes --enable-lto --enable-c99 --enable-long-long --enable-nls --enable-fix-cortex-a53-835769 --enable-fix-cortex-a53-843419 --enable-shared --enable-poison-system-directories --disable-libitm --with-pkgversion='GCC-10.3.0 glibc-2.34 ver100.110 2023-06-09 09:00:00' --enable-languages=c,c++ --with-headers=/devcloud/workspace/gcc_source/build/aarch64-linux-glibc/aarch64_linux_glibc_build_dir/aarch64-linux-glibc/target/usr/include --with-sysroot=/devcloud/workspace/gcc_source/build/aarch64-linux-glibc/aarch64_linux_glibc_build_dir/aarch64-linux-glibc/target --with-build-sysroot=/devcloud/workspace/gcc_source/build/aarch64-linux-glibc/aarch64_linux_glibc_build_dir/aarch64-linux-glibc/target --with-gmp=/devcloud/workspace/gcc_source/build/aarch64-linux-glibc/aarch64_linux_glibc_build_dir/obj/host-libs/usr --with-isl=/devcloud/workspace/gcc_source/build/aarch64-linux-glibc/aarch64_linux_glibc_build_dir/obj/host-libs/usr --with-mpfr=/devcloud/workspace/gcc_source/build/aarch64-linux-glibc/aarch64_linux_glibc_build_dir/obj/host-libs/usr --with-mpc=/devcloud/workspace/gcc_source/build/aarch64-linux-glibc/aarch64_linux_glibc_build_dir/obj/host-libs/usr --with-build-time-tools=/devcloud/workspace/gcc_source/build/aarch64-linux-glibc/aarch64_linux_glibc_build_dir/aarch64-linux-glibc/aarch64-linux-gnu/bin --libdir=/devcloud/workspace/gcc_source/build/aarch64-linux-glibc/aarch64_linux_glibc_build_dir/aarch64-linux-glibc/lib --disable-bootstrap --with-system-zlib
Thread model: posix
Supported LTO compression algorithms: zlib
gcc version 10.3.0 (GCC-10.3.0 glibc-2.34 ver100.110 2023-06-09 09:00:00) 
COMPILER_PATH=/opt/linux/x86-arm/aarch64-v01c01-linux-gnu-gcc/bin/../libexec/gcc/aarch64-linux-gnu/10.3.0/:/opt/linux/x86-arm/aarch64-v01c01-linux-gnu-gcc/bin/../libexec/gcc/aarch64-linux-gnu/:/opt/linux/x86-arm/aarch64-v01c01-linux-gnu-gcc/bin/../libexec/gcc/:/opt/linux/x86-arm/aarch64-v01c01-linux-gnu-gcc/bin/../lib/gcc/aarch64-linux-gnu/10.3.0/../../../../aarch64-linux-gnu/bin/
LIBRARY_PATH=/opt/linux/x86-arm/aarch64-v01c01-linux-gnu-gcc/bin/../lib/gcc/aarch64-linux-gnu/10.3.0/:/opt/linux/x86-arm/aarch64-v01c01-linux-gnu-gcc/bin/../lib/gcc/aarch64-linux-gnu/:/opt/linux/x86-arm/aarch64-v01c01-linux-gnu-gcc/bin/../lib/gcc/:/opt/linux/x86-arm/aarch64-v01c01-linux-gnu-gcc/bin/../lib/gcc/aarch64-linux-gnu/10.3.0/../../../../aarch64-linux-gnu/lib/../lib64/:/opt/linux/x86-arm/aarch64-v01c01-linux-gnu-gcc/bin/../lib/gcc/aarch64-linux-gnu/10.3.0/../../../../aarch64-linux-gnu/lib/:/opt/linux/x86-arm/aarch64-v01c01-linux-gnu-gcc/bin/../target/lib/:/opt/linux/x86-arm/aarch64-v01c01-linux-gnu-gcc/bin/../target/usr/lib/
COLLECT_GCC_OPTIONS='-v' '-o' 'cmTC_55dbd' '-march=armv8-a' '-mlittle-endian' '-mabi=lp64'
 /opt/linux/x86-arm/aarch64-v01c01-linux-gnu-gcc/bin/../libexec/gcc/aarch64-linux-gnu/10.3.0/collect2 -plugin /opt/linux/x86-arm/aarch64-v01c01-linux-gnu-gcc/bin/../libexec/gcc/aarch64-linux-gnu/10.3.0/liblto_plugin.so -plugin-opt=/opt/linux/x86-arm/aarch64-v01c01-linux-gnu-gcc/bin/../libexec/gcc/aarch64-linux-gnu/10.3.0/lto-wrapper -plugin-opt=-fresolution=/tmp/cc3Hadrq.res -plugin-opt=-pass-through=-lgcc -plugin-opt=-pass-through=-lgcc_s -plugin-opt=-pass-through=-lc -plugin-opt=-pass-through=-lgcc -plugin-opt=-pass-through=-lgcc_s --sysroot=/opt/linux/x86-arm/aarch64-v01c01-linux-gnu-gcc/bin/../target --eh-frame-hdr -dynamic-linker /lib/ld-linux-aarch64.so.1 -X -EL -maarch64linux --fix-cortex-a53-835769 --fix-cortex-a53-843419 -o cmTC_55dbd /opt/linux/x86-arm/aarch64-v01c01-linux-gnu-gcc/bin/../target/usr/lib/crt1.o /opt/linux/x86-arm/aarch64-v01c01-linux-gnu-gcc/bin/../target/usr/lib/crti.o /opt/linux/x86-arm/aarch64-v01c01-linux-gnu-gcc/bin/../lib/gcc/aarch64-linux-gnu/10.3.0/crtbegin.o -L/opt/linux/x86-arm/aarch64-v01c01-linux-gnu-gcc/bin/../lib/gcc/aarch64-linux-gnu/10.3.0 -L/opt/linux/x86-arm/aarch64-v01c01-linux-gnu-gcc/bin/../lib/gcc/aarch64-linux-gnu -L/opt/linux/x86-arm/aarch64-v01c01-linux-gnu-gcc/bin/../lib/gcc -L/opt/linux/x86-arm/aarch64-v01c01-linux-gnu-gcc/bin/../lib/gcc/aarch64-linux-gnu/10.3.0/../../../../aarch64-linux-gnu/lib/../lib64 -L/opt/linux/x86-arm/aarch64-v01c01-linux-gnu-gcc/bin/../lib/gcc/aarch64-linux-gnu/10.3.0/../../../../aarch64-linux-gnu/lib -L/opt/linux/x86-arm/aarch64-v01c01-linux-gnu-gcc/bin/../target/lib -L/opt/linux/x86-arm/aarch64-v01c01-linux-gnu-gcc/bin/../target/usr/lib CMakeFiles/cmTC_55dbd.dir/CMakeCXXCompilerABI.cpp.o -lgcc --push-state --as-needed -lgcc_s --pop-state -lc -lgcc --push-state --as-needed -lgcc_s --pop-state /opt/linux/x86-arm/aarch64-v01c01-linux-gnu-gcc/bin/../lib/gcc/aarch64-linux-gnu/10.3.0/crtend.o /opt/linux/x86-arm/aarch64-v01c01-linux-gnu-gcc/bin/../target/usr/lib/crtn.o
COLLECT_GCC_OPTIONS='-v' '-o' 'cmTC_55dbd' '-march=armv8-a' '-mlittle-endian' '-mabi=lp64'
make[1]: Leaving directory '/home/wzw/00-Ascend/project/template/build/intermediates/soc/CMakeFiles/CMakeTmp'


Parsed CXX implicit link information from above output:
  link line regex: [^( *|.*[/\])(ld|CMAKE_LINK_STARTFILE-NOTFOUND|([^/\]+-)?ld|collect2)[^/\]*( |$)]
  ignore line: [Change Dir: /home/wzw/00-Ascend/project/template/build/intermediates/soc/CMakeFiles/CMakeTmp]
  ignore line: []
  ignore line: [Run Build Command:"/usr/bin/make" "cmTC_55dbd/fast"]
  ignore line: [/usr/bin/make -f CMakeFiles/cmTC_55dbd.dir/build.make CMakeFiles/cmTC_55dbd.dir/build]
  ignore line: [make[1]: Entering directory '/home/wzw/00-Ascend/project/template/build/intermediates/soc/CMakeFiles/CMakeTmp']
  ignore line: [Building CXX object CMakeFiles/cmTC_55dbd.dir/CMakeCXXCompilerABI.cpp.o]
  ignore line: [/opt/linux/x86-arm/aarch64-v01c01-linux-gnu-gcc/bin/aarch64-v01c01-linux-gnu-gcc     -o CMakeFiles/cmTC_55dbd.dir/CMakeCXXCompilerABI.cpp.o -c /usr/share/cmake-3.10/Modules/CMakeCXXCompilerABI.cpp]
  ignore line: [Linking CXX executable cmTC_55dbd]
  ignore line: [/usr/bin/cmake -E cmake_link_script CMakeFiles/cmTC_55dbd.dir/link.txt --verbose=1]
  ignore line: [/opt/linux/x86-arm/aarch64-v01c01-linux-gnu-gcc/bin/aarch64-v01c01-linux-gnu-gcc      -v CMakeFiles/cmTC_55dbd.dir/CMakeCXXCompilerABI.cpp.o  -o cmTC_55dbd ]
  ignore line: [Using built-in specs.]
  ignore line: [COLLECT_GCC=/opt/linux/x86-arm/aarch64-v01c01-linux-gnu-gcc/bin/aarch64-v01c01-linux-gnu-gcc]
  ignore line: [COLLECT_LTO_WRAPPER=/opt/linux/x86-arm/aarch64-v01c01-linux-gnu-gcc/bin/../libexec/gcc/aarch64-linux-gnu/10.3.0/lto-wrapper]
  ignore line: [Target: aarch64-linux-gnu]
  ignore line: [Configured with: /devcloud/workspace/gcc_source/build/aarch64-linux-glibc/../../open_source/aarch64-linux-glibc_src/gcc-10.3.0/configure --build=x86_64-pc-linux-gnu --host=x86_64-pc-linux-gnu --target=aarch64-linux-gnu --with-arch=armv8-a --prefix=/devcloud/workspace/gcc_source/build/aarch64-linux-glibc/aarch64_linux_glibc_build_dir/aarch64-linux-glibc --enable-symvers=gnu --enable-threads --disable-libmudflap --enable-__cxa_atexit --disable-libssp --enable-gold=yes --disable-libstdcxx-pch --disable-multilib --enable-multiarch --with-gnu-as --with-gnu-ld --enable-libgomp --enable-libatomic --enable-gnu-indirect-function --enable-checking=yes --enable-lto --enable-c99 --enable-long-long --enable-nls --enable-fix-cortex-a53-835769 --enable-fix-cortex-a53-843419 --enable-shared --enable-poison-system-directories --disable-libitm --with-pkgversion='GCC-10.3.0 glibc-2.34 ver100.110 2023-06-09 09:00:00' --enable-languages=c,c++ --with-headers=/devcloud/workspace/gcc_source/build/aarch64-linux-glibc/aarch64_linux_glibc_build_dir/aarch64-linux-glibc/target/usr/include --with-sysroot=/devcloud/workspace/gcc_source/build/aarch64-linux-glibc/aarch64_linux_glibc_build_dir/aarch64-linux-glibc/target --with-build-sysroot=/devcloud/workspace/gcc_source/build/aarch64-linux-glibc/aarch64_linux_glibc_build_dir/aarch64-linux-glibc/target --with-gmp=/devcloud/workspace/gcc_source/build/aarch64-linux-glibc/aarch64_linux_glibc_build_dir/obj/host-libs/usr --with-isl=/devcloud/workspace/gcc_source/build/aarch64-linux-glibc/aarch64_linux_glibc_build_dir/obj/host-libs/usr --with-mpfr=/devcloud/workspace/gcc_source/build/aarch64-linux-glibc/aarch64_linux_glibc_build_dir/obj/host-libs/usr --with-mpc=/devcloud/workspace/gcc_source/build/aarch64-linux-glibc/aarch64_linux_glibc_build_dir/obj/host-libs/usr --with-build-time-tools=/devcloud/workspace/gcc_source/build/aarch64-linux-glibc/aarch64_linux_glibc_build_dir/aarch64-linux-glibc/aarch64-linux-gnu/bin --libdir=/devcloud/workspace/gcc_source/build/aarch64-linux-glibc/aarch64_linux_glibc_build_dir/aarch64-linux-glibc/lib --disable-bootstrap --with-system-zlib]
  ignore line: [Thread model: posix]
  ignore line: [Supported LTO compression algorithms: zlib]
  ignore line: [gcc version 10.3.0 (GCC-10.3.0 glibc-2.34 ver100.110 2023-06-09 09:00:00) ]
  ignore line: [COMPILER_PATH=/opt/linux/x86-arm/aarch64-v01c01-linux-gnu-gcc/bin/../libexec/gcc/aarch64-linux-gnu/10.3.0/:/opt/linux/x86-arm/aarch64-v01c01-linux-gnu-gcc/bin/../libexec/gcc/aarch64-linux-gnu/:/opt/linux/x86-arm/aarch64-v01c01-linux-gnu-gcc/bin/../libexec/gcc/:/opt/linux/x86-arm/aarch64-v01c01-linux-gnu-gcc/bin/../lib/gcc/aarch64-linux-gnu/10.3.0/../../../../aarch64-linux-gnu/bin/]
  ignore line: [LIBRARY_PATH=/opt/linux/x86-arm/aarch64-v01c01-linux-gnu-gcc/bin/../lib/gcc/aarch64-linux-gnu/10.3.0/:/opt/linux/x86-arm/aarch64-v01c01-linux-gnu-gcc/bin/../lib/gcc/aarch64-linux-gnu/:/opt/linux/x86-arm/aarch64-v01c01-linux-gnu-gcc/bin/../lib/gcc/:/opt/linux/x86-arm/aarch64-v01c01-linux-gnu-gcc/bin/../lib/gcc/aarch64-linux-gnu/10.3.0/../../../../aarch64-linux-gnu/lib/../lib64/:/opt/linux/x86-arm/aarch64-v01c01-linux-gnu-gcc/bin/../lib/gcc/aarch64-linux-gnu/10.3.0/../../../../aarch64-linux-gnu/lib/:/opt/linux/x86-arm/aarch64-v01c01-linux-gnu-gcc/bin/../target/lib/:/opt/linux/x86-arm/aarch64-v01c01-linux-gnu-gcc/bin/../target/usr/lib/]
  ignore line: [COLLECT_GCC_OPTIONS='-v' '-o' 'cmTC_55dbd' '-march=armv8-a' '-mlittle-endian' '-mabi=lp64']
  link line: [ /opt/linux/x86-arm/aarch64-v01c01-linux-gnu-gcc/bin/../libexec/gcc/aarch64-linux-gnu/10.3.0/collect2 -plugin /opt/linux/x86-arm/aarch64-v01c01-linux-gnu-gcc/bin/../libexec/gcc/aarch64-linux-gnu/10.3.0/liblto_plugin.so -plugin-opt=/opt/linux/x86-arm/aarch64-v01c01-linux-gnu-gcc/bin/../libexec/gcc/aarch64-linux-gnu/10.3.0/lto-wrapper -plugin-opt=-fresolution=/tmp/cc3Hadrq.res -plugin-opt=-pass-through=-lgcc -plugin-opt=-pass-through=-lgcc_s -plugin-opt=-pass-through=-lc -plugin-opt=-pass-through=-lgcc -plugin-opt=-pass-through=-lgcc_s --sysroot=/opt/linux/x86-arm/aarch64-v01c01-linux-gnu-gcc/bin/../target --eh-frame-hdr -dynamic-linker /lib/ld-linux-aarch64.so.1 -X -EL -maarch64linux --fix-cortex-a53-835769 --fix-cortex-a53-843419 -o cmTC_55dbd /opt/linux/x86-arm/aarch64-v01c01-linux-gnu-gcc/bin/../target/usr/lib/crt1.o /opt/linux/x86-arm/aarch64-v01c01-linux-gnu-gcc/bin/../target/usr/lib/crti.o /opt/linux/x86-arm/aarch64-v01c01-linux-gnu-gcc/bin/../lib/gcc/aarch64-linux-gnu/10.3.0/crtbegin.o -L/opt/linux/x86-arm/aarch64-v01c01-linux-gnu-gcc/bin/../lib/gcc/aarch64-linux-gnu/10.3.0 -L/opt/linux/x86-arm/aarch64-v01c01-linux-gnu-gcc/bin/../lib/gcc/aarch64-linux-gnu -L/opt/linux/x86-arm/aarch64-v01c01-linux-gnu-gcc/bin/../lib/gcc -L/opt/linux/x86-arm/aarch64-v01c01-linux-gnu-gcc/bin/../lib/gcc/aarch64-linux-gnu/10.3.0/../../../../aarch64-linux-gnu/lib/../lib64 -L/opt/linux/x86-arm/aarch64-v01c01-linux-gnu-gcc/bin/../lib/gcc/aarch64-linux-gnu/10.3.0/../../../../aarch64-linux-gnu/lib -L/opt/linux/x86-arm/aarch64-v01c01-linux-gnu-gcc/bin/../target/lib -L/opt/linux/x86-arm/aarch64-v01c01-linux-gnu-gcc/bin/../target/usr/lib CMakeFiles/cmTC_55dbd.dir/CMakeCXXCompilerABI.cpp.o -lgcc --push-state --as-needed -lgcc_s --pop-state -lc -lgcc --push-state --as-needed -lgcc_s --pop-state /opt/linux/x86-arm/aarch64-v01c01-linux-gnu-gcc/bin/../lib/gcc/aarch64-linux-gnu/10.3.0/crtend.o /opt/linux/x86-arm/aarch64-v01c01-linux-gnu-gcc/bin/../target/usr/lib/crtn.o]
    arg [/opt/linux/x86-arm/aarch64-v01c01-linux-gnu-gcc/bin/../libexec/gcc/aarch64-linux-gnu/10.3.0/collect2] ==> ignore
    arg [-plugin] ==> ignore
    arg [/opt/linux/x86-arm/aarch64-v01c01-linux-gnu-gcc/bin/../libexec/gcc/aarch64-linux-gnu/10.3.0/liblto_plugin.so] ==> ignore
    arg [-plugin-opt=/opt/linux/x86-arm/aarch64-v01c01-linux-gnu-gcc/bin/../libexec/gcc/aarch64-linux-gnu/10.3.0/lto-wrapper] ==> ignore
    arg [-plugin-opt=-fresolution=/tmp/cc3Hadrq.res] ==> ignore
    arg [-plugin-opt=-pass-through=-lgcc] ==> ignore
    arg [-plugin-opt=-pass-through=-lgcc_s] ==> ignore
    arg [-plugin-opt=-pass-through=-lc] ==> ignore
    arg [-plugin-opt=-pass-through=-lgcc] ==> ignore
    arg [-plugin-opt=-pass-through=-lgcc_s] ==> ignore
    arg [--sysroot=/opt/linux/x86-arm/aarch64-v01c01-linux-gnu-gcc/bin/../target] ==> ignore
    arg [--eh-frame-hdr] ==> ignore
    arg [-dynamic-linker] ==> ignore
    arg [/lib/ld-linux-aarch64.so.1] ==> ignore
    arg [-X] ==> ignore
    arg [-EL] ==> ignore
    arg [-maarch64linux] ==> ignore
    arg [--fix-cortex-a53-835769] ==> ignore
    arg [--fix-cortex-a53-843419] ==> ignore
    arg [-o] ==> ignore
    arg [cmTC_55dbd] ==> ignore
    arg [/opt/linux/x86-arm/aarch64-v01c01-linux-gnu-gcc/bin/../target/usr/lib/crt1.o] ==> ignore
    arg [/opt/linux/x86-arm/aarch64-v01c01-linux-gnu-gcc/bin/../target/usr/lib/crti.o] ==> ignore
    arg [/opt/linux/x86-arm/aarch64-v01c01-linux-gnu-gcc/bin/../lib/gcc/aarch64-linux-gnu/10.3.0/crtbegin.o] ==> ignore
    arg [-L/opt/linux/x86-arm/aarch64-v01c01-linux-gnu-gcc/bin/../lib/gcc/aarch64-linux-gnu/10.3.0] ==> dir [/opt/linux/x86-arm/aarch64-v01c01-linux-gnu-gcc/bin/../lib/gcc/aarch64-linux-gnu/10.3.0]
    arg [-L/opt/linux/x86-arm/aarch64-v01c01-linux-gnu-gcc/bin/../lib/gcc/aarch64-linux-gnu] ==> dir [/opt/linux/x86-arm/aarch64-v01c01-linux-gnu-gcc/bin/../lib/gcc/aarch64-linux-gnu]
    arg [-L/opt/linux/x86-arm/aarch64-v01c01-linux-gnu-gcc/bin/../lib/gcc] ==> dir [/opt/linux/x86-arm/aarch64-v01c01-linux-gnu-gcc/bin/../lib/gcc]
    arg [-L/opt/linux/x86-arm/aarch64-v01c01-linux-gnu-gcc/bin/../lib/gcc/aarch64-linux-gnu/10.3.0/../../../../aarch64-linux-gnu/lib/../lib64] ==> dir [/opt/linux/x86-arm/aarch64-v01c01-linux-gnu-gcc/bin/../lib/gcc/aarch64-linux-gnu/10.3.0/../../../../aarch64-linux-gnu/lib/../lib64]
    arg [-L/opt/linux/x86-arm/aarch64-v01c01-linux-gnu-gcc/bin/../lib/gcc/aarch64-linux-gnu/10.3.0/../../../../aarch64-linux-gnu/lib] ==> dir [/opt/linux/x86-arm/aarch64-v01c01-linux-gnu-gcc/bin/../lib/gcc/aarch64-linux-gnu/10.3.0/../../../../aarch64-linux-gnu/lib]
    arg [-L/opt/linux/x86-arm/aarch64-v01c01-linux-gnu-gcc/bin/../target/lib] ==> dir [/opt/linux/x86-arm/aarch64-v01c01-linux-gnu-gcc/bin/../target/lib]
    arg [-L/opt/linux/x86-arm/aarch64-v01c01-linux-gnu-gcc/bin/../target/usr/lib] ==> dir [/opt/linux/x86-arm/aarch64-v01c01-linux-gnu-gcc/bin/../target/usr/lib]
    arg [CMakeFiles/cmTC_55dbd.dir/CMakeCXXCompilerABI.cpp.o] ==> ignore
    arg [-lgcc] ==> lib [gcc]
    arg [--push-state] ==> ignore
    arg [--as-needed] ==> ignore
    arg [-lgcc_s] ==> lib [gcc_s]
    arg [--pop-state] ==> ignore
    arg [-lc] ==> lib [c]
    arg [-lgcc] ==> lib [gcc]
    arg [--push-state] ==> ignore
    arg [--as-needed] ==> ignore
    arg [-lgcc_s] ==> lib [gcc_s]
    arg [--pop-state] ==> ignore
    arg [/opt/linux/x86-arm/aarch64-v01c01-linux-gnu-gcc/bin/../lib/gcc/aarch64-linux-gnu/10.3.0/crtend.o] ==> ignore
    arg [/opt/linux/x86-arm/aarch64-v01c01-linux-gnu-gcc/bin/../target/usr/lib/crtn.o] ==> ignore
  collapse library dir [/opt/linux/x86-arm/aarch64-v01c01-linux-gnu-gcc/bin/../lib/gcc/aarch64-linux-gnu/10.3.0] ==> [/opt/linux/x86-arm/aarch64-v01c01-linux-gnu-gcc/lib/gcc/aarch64-linux-gnu/10.3.0]
  collapse library dir [/opt/linux/x86-arm/aarch64-v01c01-linux-gnu-gcc/bin/../lib/gcc/aarch64-linux-gnu] ==> [/opt/linux/x86-arm/aarch64-v01c01-linux-gnu-gcc/lib/gcc/aarch64-linux-gnu]
  collapse library dir [/opt/linux/x86-arm/aarch64-v01c01-linux-gnu-gcc/bin/../lib/gcc] ==> [/opt/linux/x86-arm/aarch64-v01c01-linux-gnu-gcc/lib/gcc]
  collapse library dir [/opt/linux/x86-arm/aarch64-v01c01-linux-gnu-gcc/bin/../lib/gcc/aarch64-linux-gnu/10.3.0/../../../../aarch64-linux-gnu/lib/../lib64] ==> [/opt/linux/x86-arm/aarch64-v01c01-linux-gnu-gcc/aarch64-linux-gnu/lib64]
  collapse library dir [/opt/linux/x86-arm/aarch64-v01c01-linux-gnu-gcc/bin/../lib/gcc/aarch64-linux-gnu/10.3.0/../../../../aarch64-linux-gnu/lib] ==> [/opt/linux/x86-arm/aarch64-v01c01-linux-gnu-gcc/aarch64-linux-gnu/lib]
  collapse library dir [/opt/linux/x86-arm/aarch64-v01c01-linux-gnu-gcc/bin/../target/lib] ==> [/opt/linux/x86-arm/aarch64-v01c01-linux-gnu-gcc/target/lib]
  collapse library dir [/opt/linux/x86-arm/aarch64-v01c01-linux-gnu-gcc/bin/../target/usr/lib] ==> [/opt/linux/x86-arm/aarch64-v01c01-linux-gnu-gcc/target/usr/lib]
  implicit libs: [gcc;gcc_s;c;gcc;gcc_s]
  implicit dirs: [/opt/linux/x86-arm/aarch64-v01c01-linux-gnu-gcc/lib/gcc/aarch64-linux-gnu/10.3.0;/opt/linux/x86-arm/aarch64-v01c01-linux-gnu-gcc/lib/gcc/aarch64-linux-gnu;/opt/linux/x86-arm/aarch64-v01c01-linux-gnu-gcc/lib/gcc;/opt/linux/x86-arm/aarch64-v01c01-linux-gnu-gcc/aarch64-linux-gnu/lib64;/opt/linux/x86-arm/aarch64-v01c01-linux-gnu-gcc/aarch64-linux-gnu/lib;/opt/linux/x86-arm/aarch64-v01c01-linux-gnu-gcc/target/lib;/opt/linux/x86-arm/aarch64-v01c01-linux-gnu-gcc/target/usr/lib]
  implicit fwks: []




Detecting CXX [-std=c++1z] compiler features compiled with the following output:
Change Dir: /home/wzw/00-Ascend/project/template/build/intermediates/soc/CMakeFiles/CMakeTmp

Run Build Command:"/usr/bin/make" "cmTC_4edf7/fast"
/usr/bin/make -f CMakeFiles/cmTC_4edf7.dir/build.make CMakeFiles/cmTC_4edf7.dir/build
make[1]: Entering directory '/home/wzw/00-Ascend/project/template/build/intermediates/soc/CMakeFiles/CMakeTmp'
Building CXX object CMakeFiles/cmTC_4edf7.dir/feature_tests.cxx.o
/opt/linux/x86-arm/aarch64-v01c01-linux-gnu-gcc/bin/aarch64-v01c01-linux-gnu-gcc    -std=c++1z -o CMakeFiles/cmTC_4edf7.dir/feature_tests.cxx.o -c /home/wzw/00-Ascend/project/template/build/intermediates/soc/CMakeFiles/feature_tests.cxx
Linking CXX executable cmTC_4edf7
/usr/bin/cmake -E cmake_link_script CMakeFiles/cmTC_4edf7.dir/link.txt --verbose=1
/opt/linux/x86-arm/aarch64-v01c01-linux-gnu-gcc/bin/aarch64-v01c01-linux-gnu-gcc       CMakeFiles/cmTC_4edf7.dir/feature_tests.cxx.o  -o cmTC_4edf7 
make[1]: Leaving directory '/home/wzw/00-Ascend/project/template/build/intermediates/soc/CMakeFiles/CMakeTmp'


    Feature record: CXX_FEATURE:1cxx_aggregate_default_initializers
    Feature record: CXX_FEATURE:1cxx_alias_templates
    Feature record: CXX_FEATURE:1cxx_alignas
    Feature record: CXX_FEATURE:1cxx_alignof
    Feature record: CXX_FEATURE:1cxx_attributes
    Feature record: CXX_FEATURE:1cxx_attribute_deprecated
    Feature record: CXX_FEATURE:1cxx_auto_type
    Feature record: CXX_FEATURE:1cxx_binary_literals
    Feature record: CXX_FEATURE:1cxx_constexpr
    Feature record: CXX_FEATURE:1cxx_contextual_conversions
    Feature record: CXX_FEATURE:1cxx_decltype
    Feature record: CXX_FEATURE:1cxx_decltype_auto
    Feature record: CXX_FEATURE:1cxx_decltype_incomplete_return_types
    Feature record: CXX_FEATURE:1cxx_default_function_template_args
    Feature record: CXX_FEATURE:1cxx_defaulted_functions
    Feature record: CXX_FEATURE:1cxx_defaulted_move_initializers
    Feature record: CXX_FEATURE:1cxx_delegating_constructors
    Feature record: CXX_FEATURE:1cxx_deleted_functions
    Feature record: CXX_FEATURE:1cxx_digit_separators
    Feature record: CXX_FEATURE:1cxx_enum_forward_declarations
    Feature record: CXX_FEATURE:1cxx_explicit_conversions
    Feature record: CXX_FEATURE:1cxx_extended_friend_declarations
    Feature record: CXX_FEATURE:1cxx_extern_templates
    Feature record: CXX_FEATURE:1cxx_final
    Feature record: CXX_FEATURE:1cxx_func_identifier
    Feature record: CXX_FEATURE:1cxx_generalized_initializers
    Feature record: CXX_FEATURE:1cxx_generic_lambdas
    Feature record: CXX_FEATURE:1cxx_inheriting_constructors
    Feature record: CXX_FEATURE:1cxx_inline_namespaces
    Feature record: CXX_FEATURE:1cxx_lambdas
    Feature record: CXX_FEATURE:1cxx_lambda_init_captures
    Feature record: CXX_FEATURE:1cxx_local_type_template_args
    Feature record: CXX_FEATURE:1cxx_long_long_type
    Feature record: CXX_FEATURE:1cxx_noexcept
    Feature record: CXX_FEATURE:1cxx_nonstatic_member_init
    Feature record: CXX_FEATURE:1cxx_nullptr
    Feature record: CXX_FEATURE:1cxx_override
    Feature record: CXX_FEATURE:1cxx_range_for
    Feature record: CXX_FEATURE:1cxx_raw_string_literals
    Feature record: CXX_FEATURE:1cxx_reference_qualified_functions
    Feature record: CXX_FEATURE:1cxx_relaxed_constexpr
    Feature record: CXX_FEATURE:1cxx_return_type_deduction
    Feature record: CXX_FEATURE:1cxx_right_angle_brackets
    Feature record: CXX_FEATURE:1cxx_rvalue_references
    Feature record: CXX_FEATURE:1cxx_sizeof_member
    Feature record: CXX_FEATURE:1cxx_static_assert
    Feature record: CXX_FEATURE:1cxx_strong_enums
    Feature record: CXX_FEATURE:1cxx_template_template_parameters
    Feature record: CXX_FEATURE:1cxx_thread_local
    Feature record: CXX_FEATURE:1cxx_trailing_return_types
    Feature record: CXX_FEATURE:1cxx_unicode_literals
    Feature record: CXX_FEATURE:1cxx_uniform_initialization
    Feature record: CXX_FEATURE:1cxx_unrestricted_unions
    Feature record: CXX_FEATURE:1cxx_user_literals
    Feature record: CXX_FEATURE:1cxx_variable_templates
    Feature record: CXX_FEATURE:1cxx_variadic_macros
    Feature record: CXX_FEATURE:1cxx_variadic_templates


Detecting CXX [-std=c++14] compiler features compiled with the following output:
Change Dir: /home/wzw/00-Ascend/project/template/build/intermediates/soc/CMakeFiles/CMakeTmp

Run Build Command:"/usr/bin/make" "cmTC_97ddc/fast"
/usr/bin/make -f CMakeFiles/cmTC_97ddc.dir/build.make CMakeFiles/cmTC_97ddc.dir/build
make[1]: Entering directory '/home/wzw/00-Ascend/project/template/build/intermediates/soc/CMakeFiles/CMakeTmp'
Building CXX object CMakeFiles/cmTC_97ddc.dir/feature_tests.cxx.o
/opt/linux/x86-arm/aarch64-v01c01-linux-gnu-gcc/bin/aarch64-v01c01-linux-gnu-gcc    -std=c++14 -o CMakeFiles/cmTC_97ddc.dir/feature_tests.cxx.o -c /home/wzw/00-Ascend/project/template/build/intermediates/soc/CMakeFiles/feature_tests.cxx
Linking CXX executable cmTC_97ddc
/usr/bin/cmake -E cmake_link_script CMakeFiles/cmTC_97ddc.dir/link.txt --verbose=1
/opt/linux/x86-arm/aarch64-v01c01-linux-gnu-gcc/bin/aarch64-v01c01-linux-gnu-gcc       CMakeFiles/cmTC_97ddc.dir/feature_tests.cxx.o  -o cmTC_97ddc 
make[1]: Leaving directory '/home/wzw/00-Ascend/project/template/build/intermediates/soc/CMakeFiles/CMakeTmp'


    Feature record: CXX_FEATURE:1cxx_aggregate_default_initializers
    Feature record: CXX_FEATURE:1cxx_alias_templates
    Feature record: CXX_FEATURE:1cxx_alignas
    Feature record: CXX_FEATURE:1cxx_alignof
    Feature record: CXX_FEATURE:1cxx_attributes
    Feature record: CXX_FEATURE:1cxx_attribute_deprecated
    Feature record: CXX_FEATURE:1cxx_auto_type
    Feature record: CXX_FEATURE:1cxx_binary_literals
    Feature record: CXX_FEATURE:1cxx_constexpr
    Feature record: CXX_FEATURE:1cxx_contextual_conversions
    Feature record: CXX_FEATURE:1cxx_decltype
    Feature record: CXX_FEATURE:1cxx_decltype_auto
    Feature record: CXX_FEATURE:1cxx_decltype_incomplete_return_types
    Feature record: CXX_FEATURE:1cxx_default_function_template_args
    Feature record: CXX_FEATURE:1cxx_defaulted_functions
    Feature record: CXX_FEATURE:1cxx_defaulted_move_initializers
    Feature record: CXX_FEATURE:1cxx_delegating_constructors
    Feature record: CXX_FEATURE:1cxx_deleted_functions
    Feature record: CXX_FEATURE:1cxx_digit_separators
    Feature record: CXX_FEATURE:1cxx_enum_forward_declarations
    Feature record: CXX_FEATURE:1cxx_explicit_conversions
    Feature record: CXX_FEATURE:1cxx_extended_friend_declarations
    Feature record: CXX_FEATURE:1cxx_extern_templates
    Feature record: CXX_FEATURE:1cxx_final
    Feature record: CXX_FEATURE:1cxx_func_identifier
    Feature record: CXX_FEATURE:1cxx_generalized_initializers
    Feature record: CXX_FEATURE:1cxx_generic_lambdas
    Feature record: CXX_FEATURE:1cxx_inheriting_constructors
    Feature record: CXX_FEATURE:1cxx_inline_namespaces
    Feature record: CXX_FEATURE:1cxx_lambdas
    Feature record: CXX_FEATURE:1cxx_lambda_init_captures
    Feature record: CXX_FEATURE:1cxx_local_type_template_args
    Feature record: CXX_FEATURE:1cxx_long_long_type
    Feature record: CXX_FEATURE:1cxx_noexcept
    Feature record: CXX_FEATURE:1cxx_nonstatic_member_init
    Feature record: CXX_FEATURE:1cxx_nullptr
    Feature record: CXX_FEATURE:1cxx_override
    Feature record: CXX_FEATURE:1cxx_range_for
    Feature record: CXX_FEATURE:1cxx_raw_string_literals
    Feature record: CXX_FEATURE:1cxx_reference_qualified_functions
    Feature record: CXX_FEATURE:1cxx_relaxed_constexpr
    Feature record: CXX_FEATURE:1cxx_return_type_deduction
    Feature record: CXX_FEATURE:1cxx_right_angle_brackets
    Feature record: CXX_FEATURE:1cxx_rvalue_references
    Feature record: CXX_FEATURE:1cxx_sizeof_member
    Feature record: CXX_FEATURE:1cxx_static_assert
    Feature record: CXX_FEATURE:1cxx_strong_enums
    Feature record: CXX_FEATURE:1cxx_template_template_parameters
    Feature record: CXX_FEATURE:1cxx_thread_local
    Feature record: CXX_FEATURE:1cxx_trailing_return_types
    Feature record: CXX_FEATURE:1cxx_unicode_literals
    Feature record: CXX_FEATURE:1cxx_uniform_initialization
    Feature record: CXX_FEATURE:1cxx_unrestricted_unions
    Feature record: CXX_FEATURE:1cxx_user_literals
    Feature record: CXX_FEATURE:1cxx_variable_templates
    Feature record: CXX_FEATURE:1cxx_variadic_macros
    Feature record: CXX_FEATURE:1cxx_variadic_templates


Detecting CXX [-std=c++11] compiler features compiled with the following output:
Change Dir: /home/wzw/00-Ascend/project/template/build/intermediates/soc/CMakeFiles/CMakeTmp

Run Build Command:"/usr/bin/make" "cmTC_4e869/fast"
/usr/bin/make -f CMakeFiles/cmTC_4e869.dir/build.make CMakeFiles/cmTC_4e869.dir/build
make[1]: Entering directory '/home/wzw/00-Ascend/project/template/build/intermediates/soc/CMakeFiles/CMakeTmp'
Building CXX object CMakeFiles/cmTC_4e869.dir/feature_tests.cxx.o
/opt/linux/x86-arm/aarch64-v01c01-linux-gnu-gcc/bin/aarch64-v01c01-linux-gnu-gcc    -std=c++11 -o CMakeFiles/cmTC_4e869.dir/feature_tests.cxx.o -c /home/wzw/00-Ascend/project/template/build/intermediates/soc/CMakeFiles/feature_tests.cxx
Linking CXX executable cmTC_4e869
/usr/bin/cmake -E cmake_link_script CMakeFiles/cmTC_4e869.dir/link.txt --verbose=1
/opt/linux/x86-arm/aarch64-v01c01-linux-gnu-gcc/bin/aarch64-v01c01-linux-gnu-gcc       CMakeFiles/cmTC_4e869.dir/feature_tests.cxx.o  -o cmTC_4e869 
make[1]: Leaving directory '/home/wzw/00-Ascend/project/template/build/intermediates/soc/CMakeFiles/CMakeTmp'


    Feature record: CXX_FEATURE:0cxx_aggregate_default_initializers
    Feature record: CXX_FEATURE:1cxx_alias_templates
    Feature record: CXX_FEATURE:1cxx_alignas
    Feature record: CXX_FEATURE:1cxx_alignof
    Feature record: CXX_FEATURE:1cxx_attributes
    Feature record: CXX_FEATURE:0cxx_attribute_deprecated
    Feature record: CXX_FEATURE:1cxx_auto_type
    Feature record: CXX_FEATURE:0cxx_binary_literals
    Feature record: CXX_FEATURE:1cxx_constexpr
    Feature record: CXX_FEATURE:0cxx_contextual_conversions
    Feature record: CXX_FEATURE:1cxx_decltype
    Feature record: CXX_FEATURE:0cxx_decltype_auto
    Feature record: CXX_FEATURE:1cxx_decltype_incomplete_return_types
    Feature record: CXX_FEATURE:1cxx_default_function_template_args
    Feature record: CXX_FEATURE:1cxx_defaulted_functions
    Feature record: CXX_FEATURE:1cxx_defaulted_move_initializers
    Feature record: CXX_FEATURE:1cxx_delegating_constructors
    Feature record: CXX_FEATURE:1cxx_deleted_functions
    Feature record: CXX_FEATURE:0cxx_digit_separators
    Feature record: CXX_FEATURE:1cxx_enum_forward_declarations
    Feature record: CXX_FEATURE:1cxx_explicit_conversions
    Feature record: CXX_FEATURE:1cxx_extended_friend_declarations
    Feature record: CXX_FEATURE:1cxx_extern_templates
    Feature record: CXX_FEATURE:1cxx_final
    Feature record: CXX_FEATURE:1cxx_func_identifier
    Feature record: CXX_FEATURE:1cxx_generalized_initializers
    Feature record: CXX_FEATURE:0cxx_generic_lambdas
    Feature record: CXX_FEATURE:1cxx_inheriting_constructors
    Feature record: CXX_FEATURE:1cxx_inline_namespaces
    Feature record: CXX_FEATURE:1cxx_lambdas
    Feature record: CXX_FEATURE:0cxx_lambda_init_captures
    Feature record: CXX_FEATURE:1cxx_local_type_template_args
    Feature record: CXX_FEATURE:1cxx_long_long_type
    Feature record: CXX_FEATURE:1cxx_noexcept
    Feature record: CXX_FEATURE:1cxx_nonstatic_member_init
    Feature record: CXX_FEATURE:1cxx_nullptr
    Feature record: CXX_FEATURE:1cxx_override
    Feature record: CXX_FEATURE:1cxx_range_for
    Feature record: CXX_FEATURE:1cxx_raw_string_literals
    Feature record: CXX_FEATURE:1cxx_reference_qualified_functions
    Feature record: CXX_FEATURE:0cxx_relaxed_constexpr
    Feature record: CXX_FEATURE:0cxx_return_type_deduction
    Feature record: CXX_FEATURE:1cxx_right_angle_brackets
    Feature record: CXX_FEATURE:1cxx_rvalue_references
    Feature record: CXX_FEATURE:1cxx_sizeof_member
    Feature record: CXX_FEATURE:1cxx_static_assert
    Feature record: CXX_FEATURE:1cxx_strong_enums
    Feature record: CXX_FEATURE:1cxx_template_template_parameters
    Feature record: CXX_FEATURE:1cxx_thread_local
    Feature record: CXX_FEATURE:1cxx_trailing_return_types
    Feature record: CXX_FEATURE:1cxx_unicode_literals
    Feature record: CXX_FEATURE:1cxx_uniform_initialization
    Feature record: CXX_FEATURE:1cxx_unrestricted_unions
    Feature record: CXX_FEATURE:1cxx_user_literals
    Feature record: CXX_FEATURE:0cxx_variable_templates
    Feature record: CXX_FEATURE:1cxx_variadic_macros
    Feature record: CXX_FEATURE:1cxx_variadic_templates


Detecting CXX [-std=c++98] compiler features compiled with the following output:
Change Dir: /home/wzw/00-Ascend/project/template/build/intermediates/soc/CMakeFiles/CMakeTmp

Run Build Command:"/usr/bin/make" "cmTC_32076/fast"
/usr/bin/make -f CMakeFiles/cmTC_32076.dir/build.make CMakeFiles/cmTC_32076.dir/build
make[1]: Entering directory '/home/wzw/00-Ascend/project/template/build/intermediates/soc/CMakeFiles/CMakeTmp'
Building CXX object CMakeFiles/cmTC_32076.dir/feature_tests.cxx.o
/opt/linux/x86-arm/aarch64-v01c01-linux-gnu-gcc/bin/aarch64-v01c01-linux-gnu-gcc    -std=c++98 -o CMakeFiles/cmTC_32076.dir/feature_tests.cxx.o -c /home/wzw/00-Ascend/project/template/build/intermediates/soc/CMakeFiles/feature_tests.cxx
Linking CXX executable cmTC_32076
/usr/bin/cmake -E cmake_link_script CMakeFiles/cmTC_32076.dir/link.txt --verbose=1
/opt/linux/x86-arm/aarch64-v01c01-linux-gnu-gcc/bin/aarch64-v01c01-linux-gnu-gcc       CMakeFiles/cmTC_32076.dir/feature_tests.cxx.o  -o cmTC_32076 
make[1]: Leaving directory '/home/wzw/00-Ascend/project/template/build/intermediates/soc/CMakeFiles/CMakeTmp'


    Feature record: CXX_FEATURE:0cxx_aggregate_default_initializers
    Feature record: CXX_FEATURE:0cxx_alias_templates
    Feature record: CXX_FEATURE:0cxx_alignas
    Feature record: CXX_FEATURE:0cxx_alignof
    Feature record: CXX_FEATURE:0cxx_attributes
    Feature record: CXX_FEATURE:0cxx_attribute_deprecated
    Feature record: CXX_FEATURE:0cxx_auto_type
    Feature record: CXX_FEATURE:0cxx_binary_literals
    Feature record: CXX_FEATURE:0cxx_constexpr
    Feature record: CXX_FEATURE:0cxx_contextual_conversions
    Feature record: CXX_FEATURE:0cxx_decltype
    Feature record: CXX_FEATURE:0cxx_decltype_auto
    Feature record: CXX_FEATURE:0cxx_decltype_incomplete_return_types
    Feature record: CXX_FEATURE:0cxx_default_function_template_args
    Feature record: CXX_FEATURE:0cxx_defaulted_functions
    Feature record: CXX_FEATURE:0cxx_defaulted_move_initializers
    Feature record: CXX_FEATURE:0cxx_delegating_constructors
    Feature record: CXX_FEATURE:0cxx_deleted_functions
    Feature record: CXX_FEATURE:0cxx_digit_separators
    Feature record: CXX_FEATURE:0cxx_enum_forward_declarations
    Feature record: CXX_FEATURE:0cxx_explicit_conversions
    Feature record: CXX_FEATURE:0cxx_extended_friend_declarations
    Feature record: CXX_FEATURE:0cxx_extern_templates
    Feature record: CXX_FEATURE:0cxx_final
    Feature record: CXX_FEATURE:0cxx_func_identifier
    Feature record: CXX_FEATURE:0cxx_generalized_initializers
    Feature record: CXX_FEATURE:0cxx_generic_lambdas
    Feature record: CXX_FEATURE:0cxx_inheriting_constructors
    Feature record: CXX_FEATURE:0cxx_inline_namespaces
    Feature record: CXX_FEATURE:0cxx_lambdas
    Feature record: CXX_FEATURE:0cxx_lambda_init_captures
    Feature record: CXX_FEATURE:0cxx_local_type_template_args
    Feature record: CXX_FEATURE:0cxx_long_long_type
    Feature record: CXX_FEATURE:0cxx_noexcept
    Feature record: CXX_FEATURE:0cxx_nonstatic_member_init
    Feature record: CXX_FEATURE:0cxx_nullptr
    Feature record: CXX_FEATURE:0cxx_override
    Feature record: CXX_FEATURE:0cxx_range_for
    Feature record: CXX_FEATURE:0cxx_raw_string_literals
    Feature record: CXX_FEATURE:0cxx_reference_qualified_functions
    Feature record: CXX_FEATURE:0cxx_relaxed_constexpr
    Feature record: CXX_FEATURE:0cxx_return_type_deduction
    Feature record: CXX_FEATURE:0cxx_right_angle_brackets
    Feature record: CXX_FEATURE:0cxx_rvalue_references
    Feature record: CXX_FEATURE:0cxx_sizeof_member
    Feature record: CXX_FEATURE:0cxx_static_assert
    Feature record: CXX_FEATURE:0cxx_strong_enums
    Feature record: CXX_FEATURE:1cxx_template_template_parameters
    Feature record: CXX_FEATURE:0cxx_thread_local
    Feature record: CXX_FEATURE:0cxx_trailing_return_types
    Feature record: CXX_FEATURE:0cxx_unicode_literals
    Feature record: CXX_FEATURE:0cxx_uniform_initialization
    Feature record: CXX_FEATURE:0cxx_unrestricted_unions
    Feature record: CXX_FEATURE:0cxx_user_literals
    Feature record: CXX_FEATURE:0cxx_variable_templates
    Feature record: CXX_FEATURE:0cxx_variadic_macros
    Feature record: CXX_FEATURE:0cxx_variadic_templates
